Analysis & Synthesis report for MORSEus__DE2115
Mon Oct 15 21:19:57 2018
Quartus Prime Version 18.1.0 Build 625 09/12/2018 SJ Lite Edition


---------------------
; Table of Contents ;
---------------------
  1. Legal Notice
  2. Analysis & Synthesis Summary
  3. Analysis & Synthesis Settings
  4. Parallel Compilation
  5. Analysis & Synthesis Source Files Read
  6. Analysis & Synthesis Resource Usage Summary
  7. Analysis & Synthesis Resource Utilization by Entity
  8. User-Specified and Inferred Latches
  9. General Register Statistics
 10. Port Connectivity Checks: "demuxDisplay:demux0"
 11. Port Connectivity Checks: "demuxDisplay:demux1"
 12. Port Connectivity Checks: "demuxDisplay:demux2"
 13. Port Connectivity Checks: "demuxDisplay:demux3"
 14. Port Connectivity Checks: "demuxDisplay:demux4"
 15. Port Connectivity Checks: "codifMorse:codificador"
 16. Post-Synthesis Netlist Statistics for Top Partition
 17. Elapsed Time Per Partition
 18. Analysis & Synthesis Messages



----------------
; Legal Notice ;
----------------
Copyright (C) 2018  Intel Corporation. All rights reserved.
Your use of Intel Corporation's design tools, logic functions 
and other software and tools, and its AMPP partner logic 
functions, and any output files from any of the foregoing 
(including device programming or simulation files), and any 
associated documentation or information are expressly subject 
to the terms and conditions of the Intel Program License 
Subscription Agreement, the Intel Quartus Prime License Agreement,
the Intel FPGA IP License Agreement, or other applicable license
agreement, including, without limitation, that your use is for
the sole purpose of programming logic devices manufactured by
Intel and sold by Intel or its authorized distributors.  Please
refer to the applicable agreement for further details.



+----------------------------------------------------------------------------------+
; Analysis & Synthesis Summary                                                     ;
+------------------------------------+---------------------------------------------+
; Analysis & Synthesis Status        ; Successful - Mon Oct 15 21:19:57 2018       ;
; Quartus Prime Version              ; 18.1.0 Build 625 09/12/2018 SJ Lite Edition ;
; Revision Name                      ; MORSEus__DE2115                             ;
; Top-level Entity Name              ; MORSEus__DE2115                             ;
; Family                             ; Cyclone IV E                                ;
; Total logic elements               ; 49                                          ;
;     Total combinational functions  ; 49                                          ;
;     Dedicated logic registers      ; 0                                           ;
; Total registers                    ; 0                                           ;
; Total pins                         ; 74                                          ;
; Total virtual pins                 ; 0                                           ;
; Total memory bits                  ; 0                                           ;
; Embedded Multiplier 9-bit elements ; 0                                           ;
; Total PLLs                         ; 0                                           ;
+------------------------------------+---------------------------------------------+


+------------------------------------------------------------------------------------------------------------+
; Analysis & Synthesis Settings                                                                              ;
+------------------------------------------------------------------+--------------------+--------------------+
; Option                                                           ; Setting            ; Default Value      ;
+------------------------------------------------------------------+--------------------+--------------------+
; Device                                                           ; EP4CE115F29C7      ;                    ;
; Top-level entity name                                            ; MORSEus__DE2115    ; MORSEus__DE2115    ;
; Family name                                                      ; Cyclone IV E       ; Cyclone V          ;
; Use smart compilation                                            ; Off                ; Off                ;
; Enable parallel Assembler and Timing Analyzer during compilation ; On                 ; On                 ;
; Enable compact report table                                      ; Off                ; Off                ;
; Restructure Multiplexers                                         ; Auto               ; Auto               ;
; Create Debugging Nodes for IP Cores                              ; Off                ; Off                ;
; Preserve fewer node names                                        ; On                 ; On                 ;
; Intel FPGA IP Evaluation Mode                                    ; Enable             ; Enable             ;
; Verilog Version                                                  ; Verilog_2001       ; Verilog_2001       ;
; VHDL Version                                                     ; VHDL_1993          ; VHDL_1993          ;
; State Machine Processing                                         ; Auto               ; Auto               ;
; Safe State Machine                                               ; Off                ; Off                ;
; Extract Verilog State Machines                                   ; On                 ; On                 ;
; Extract VHDL State Machines                                      ; On                 ; On                 ;
; Ignore Verilog initial constructs                                ; Off                ; Off                ;
; Iteration limit for constant Verilog loops                       ; 5000               ; 5000               ;
; Iteration limit for non-constant Verilog loops                   ; 250                ; 250                ;
; Add Pass-Through Logic to Inferred RAMs                          ; On                 ; On                 ;
; Infer RAMs from Raw Logic                                        ; On                 ; On                 ;
; Parallel Synthesis                                               ; On                 ; On                 ;
; DSP Block Balancing                                              ; Auto               ; Auto               ;
; NOT Gate Push-Back                                               ; On                 ; On                 ;
; Power-Up Don't Care                                              ; On                 ; On                 ;
; Remove Redundant Logic Cells                                     ; Off                ; Off                ;
; Remove Duplicate Registers                                       ; On                 ; On                 ;
; Ignore CARRY Buffers                                             ; Off                ; Off                ;
; Ignore CASCADE Buffers                                           ; Off                ; Off                ;
; Ignore GLOBAL Buffers                                            ; Off                ; Off                ;
; Ignore ROW GLOBAL Buffers                                        ; Off                ; Off                ;
; Ignore LCELL Buffers                                             ; Off                ; Off                ;
; Ignore SOFT Buffers                                              ; On                 ; On                 ;
; Limit AHDL Integers to 32 Bits                                   ; Off                ; Off                ;
; Optimization Technique                                           ; Balanced           ; Balanced           ;
; Carry Chain Length                                               ; 70                 ; 70                 ;
; Auto Carry Chains                                                ; On                 ; On                 ;
; Auto Open-Drain Pins                                             ; On                 ; On                 ;
; Perform WYSIWYG Primitive Resynthesis                            ; Off                ; Off                ;
; Auto ROM Replacement                                             ; On                 ; On                 ;
; Auto RAM Replacement                                             ; On                 ; On                 ;
; Auto DSP Block Replacement                                       ; On                 ; On                 ;
; Auto Shift Register Replacement                                  ; Auto               ; Auto               ;
; Allow Shift Register Merging across Hierarchies                  ; Auto               ; Auto               ;
; Auto Clock Enable Replacement                                    ; On                 ; On                 ;
; Strict RAM Replacement                                           ; Off                ; Off                ;
; Allow Synchronous Control Signals                                ; On                 ; On                 ;
; Force Use of Synchronous Clear Signals                           ; Off                ; Off                ;
; Auto RAM Block Balancing                                         ; On                 ; On                 ;
; Auto RAM to Logic Cell Conversion                                ; Off                ; Off                ;
; Auto Resource Sharing                                            ; Off                ; Off                ;
; Allow Any RAM Size For Recognition                               ; Off                ; Off                ;
; Allow Any ROM Size For Recognition                               ; Off                ; Off                ;
; Allow Any Shift Register Size For Recognition                    ; Off                ; Off                ;
; Use LogicLock Constraints during Resource Balancing              ; On                 ; On                 ;
; Ignore translate_off and synthesis_off directives                ; Off                ; Off                ;
; Timing-Driven Synthesis                                          ; On                 ; On                 ;
; Report Parameter Settings                                        ; On                 ; On                 ;
; Report Source Assignments                                        ; On                 ; On                 ;
; Report Connectivity Checks                                       ; On                 ; On                 ;
; Ignore Maximum Fan-Out Assignments                               ; Off                ; Off                ;
; Synchronization Register Chain Length                            ; 2                  ; 2                  ;
; Power Optimization During Synthesis                              ; Normal compilation ; Normal compilation ;
; HDL message level                                                ; Level2             ; Level2             ;
; Suppress Register Optimization Related Messages                  ; Off                ; Off                ;
; Number of Removed Registers Reported in Synthesis Report         ; 5000               ; 5000               ;
; Number of Swept Nodes Reported in Synthesis Report               ; 5000               ; 5000               ;
; Number of Inverted Registers Reported in Synthesis Report        ; 100                ; 100                ;
; Clock MUX Protection                                             ; On                 ; On                 ;
; Auto Gated Clock Conversion                                      ; Off                ; Off                ;
; Block Design Naming                                              ; Auto               ; Auto               ;
; SDC constraint protection                                        ; Off                ; Off                ;
; Synthesis Effort                                                 ; Auto               ; Auto               ;
; Shift Register Replacement - Allow Asynchronous Clear Signal     ; On                 ; On                 ;
; Pre-Mapping Resynthesis Optimization                             ; Off                ; Off                ;
; Analysis & Synthesis Message Level                               ; Medium             ; Medium             ;
; Disable Register Merging Across Hierarchies                      ; Auto               ; Auto               ;
; Resource Aware Inference For Block RAM                           ; On                 ; On                 ;
+------------------------------------------------------------------+--------------------+--------------------+


+------------------------------------------+
; Parallel Compilation                     ;
+----------------------------+-------------+
; Processors                 ; Number      ;
+----------------------------+-------------+
; Number detected on machine ; 8           ;
; Maximum allowed            ; 4           ;
;                            ;             ;
; Average used               ; 1.00        ;
; Maximum used               ; 1           ;
;                            ;             ;
; Usage by Processor         ; % Time Used ;
;     Processor 1            ; 100.0%      ;
+----------------------------+-------------+


+-----------------------------------------------------------------------------------------------------------------------------------------------------------------------------+
; Analysis & Synthesis Source Files Read                                                                                                                                      ;
+----------------------------------+-----------------+------------------------------+-------------------------------------------------------------------------------+---------+
; File Name with User-Entered Path ; Used in Netlist ; File Type                    ; File Name with Absolute Path                                                  ; Library ;
+----------------------------------+-----------------+------------------------------+-------------------------------------------------------------------------------+---------+
; codifMorse.v                     ; yes             ; User Verilog HDL File        ; C:/Users/mateu/Desktop/ISL-TP01-Conversao-para-Codigo-Morse/codifMorse.v      ;         ;
; morseus__de2115.v                ; yes             ; Auto-Found Verilog HDL File  ; C:/Users/mateu/Desktop/ISL-TP01-Conversao-para-Codigo-Morse/morseus__de2115.v ;         ;
+----------------------------------+-----------------+------------------------------+-------------------------------------------------------------------------------+---------+


+------------------------------------------------------------+
; Analysis & Synthesis Resource Usage Summary                ;
+---------------------------------------------+--------------+
; Resource                                    ; Usage        ;
+---------------------------------------------+--------------+
; Estimated Total logic elements              ; 49           ;
;                                             ;              ;
; Total combinational functions               ; 49           ;
; Logic element usage by number of LUT inputs ;              ;
;     -- 4 input functions                    ; 35           ;
;     -- 3 input functions                    ; 2            ;
;     -- <=2 input functions                  ; 12           ;
;                                             ;              ;
; Logic elements by mode                      ;              ;
;     -- normal mode                          ; 49           ;
;     -- arithmetic mode                      ; 0            ;
;                                             ;              ;
; Total registers                             ; 0            ;
;     -- Dedicated logic registers            ; 0            ;
;     -- I/O registers                        ; 0            ;
;                                             ;              ;
; I/O pins                                    ; 74           ;
;                                             ;              ;
; Embedded Multiplier 9-bit elements          ; 0            ;
;                                             ;              ;
; Maximum fan-out node                        ; SW[16]~input ;
; Maximum fan-out                             ; 18           ;
; Total fan-out                               ; 254          ;
; Average fan-out                             ; 1.29         ;
+---------------------------------------------+--------------+


+-----------------------------------------------------------------------------------------------------------------------------------------------------------------------------------------------------------------------------------+
; Analysis & Synthesis Resource Utilization by Entity                                                                                                                                                                               ;
+-----------------------------+---------------------+---------------------------+-------------+--------------+---------+-----------+------+--------------+-----------------------------------------+-----------------+--------------+
; Compilation Hierarchy Node  ; Combinational ALUTs ; Dedicated Logic Registers ; Memory Bits ; DSP Elements ; DSP 9x9 ; DSP 18x18 ; Pins ; Virtual Pins ; Full Hierarchy Name                     ; Entity Name     ; Library Name ;
+-----------------------------+---------------------+---------------------------+-------------+--------------+---------+-----------+------+--------------+-----------------------------------------+-----------------+--------------+
; |MORSEus__DE2115            ; 49 (0)              ; 0 (0)                     ; 0           ; 0            ; 0       ; 0         ; 74   ; 0            ; |MORSEus__DE2115                        ; MORSEus__DE2115 ; work         ;
;    |codifMorse:codificador| ; 39 (39)             ; 0 (0)                     ; 0           ; 0            ; 0       ; 0         ; 0    ; 0            ; |MORSEus__DE2115|codifMorse:codificador ; codifMorse      ; work         ;
;    |demuxDisplay:demux0|    ; 2 (2)               ; 0 (0)                     ; 0           ; 0            ; 0       ; 0         ; 0    ; 0            ; |MORSEus__DE2115|demuxDisplay:demux0    ; demuxDisplay    ; work         ;
;    |demuxDisplay:demux1|    ; 2 (2)               ; 0 (0)                     ; 0           ; 0            ; 0       ; 0         ; 0    ; 0            ; |MORSEus__DE2115|demuxDisplay:demux1    ; demuxDisplay    ; work         ;
;    |demuxDisplay:demux2|    ; 2 (2)               ; 0 (0)                     ; 0           ; 0            ; 0       ; 0         ; 0    ; 0            ; |MORSEus__DE2115|demuxDisplay:demux2    ; demuxDisplay    ; work         ;
;    |demuxDisplay:demux3|    ; 2 (2)               ; 0 (0)                     ; 0           ; 0            ; 0       ; 0         ; 0    ; 0            ; |MORSEus__DE2115|demuxDisplay:demux3    ; demuxDisplay    ; work         ;
;    |demuxDisplay:demux4|    ; 2 (2)               ; 0 (0)                     ; 0           ; 0            ; 0       ; 0         ; 0    ; 0            ; |MORSEus__DE2115|demuxDisplay:demux4    ; demuxDisplay    ; work         ;
+-----------------------------+---------------------+---------------------------+-------------+--------------+---------+-----------+------+--------------+-----------------------------------------+-----------------+--------------+
Note: For table entries with two numbers listed, the numbers in parentheses indicate the number of resources of the given type used by the specific entity alone. The numbers listed outside of parentheses indicate the total resources of the given type used by the specific entity and all of its sub-entities in the hierarchy.


+---------------------------------------------------------------------------------------------------------------+
; User-Specified and Inferred Latches                                                                           ;
+-----------------------------------------------------+--------------------------------+------------------------+
; Latch Name                                          ; Latch Enable Signal            ; Free of Timing Hazards ;
+-----------------------------------------------------+--------------------------------+------------------------+
; codifMorse:codificador|display[0]                   ; codifMorse:codificador|always0 ; yes                    ;
; codifMorse:codificador|morse[0]                     ; codifMorse:codificador|always0 ; yes                    ;
; codifMorse:codificador|display[1]                   ; codifMorse:codificador|always0 ; yes                    ;
; codifMorse:codificador|morse[1]                     ; codifMorse:codificador|always0 ; yes                    ;
; codifMorse:codificador|display[2]                   ; codifMorse:codificador|always0 ; yes                    ;
; codifMorse:codificador|morse[2]                     ; codifMorse:codificador|always0 ; yes                    ;
; codifMorse:codificador|display[3]                   ; codifMorse:codificador|always0 ; yes                    ;
; codifMorse:codificador|morse[3]                     ; codifMorse:codificador|always0 ; yes                    ;
; codifMorse:codificador|display[4]                   ; GND                            ; yes                    ;
; codifMorse:codificador|morse[4]                     ; codifMorse:codificador|always0 ; yes                    ;
; Number of user-specified and inferred latches = 10  ;                                ;                        ;
+-----------------------------------------------------+--------------------------------+------------------------+
Note: All latches listed above may not be present at the end of synthesis due to various synthesis optimizations.


+------------------------------------------------------+
; General Register Statistics                          ;
+----------------------------------------------+-------+
; Statistic                                    ; Value ;
+----------------------------------------------+-------+
; Total registers                              ; 0     ;
; Number of registers using Synchronous Clear  ; 0     ;
; Number of registers using Synchronous Load   ; 0     ;
; Number of registers using Asynchronous Clear ; 0     ;
; Number of registers using Asynchronous Load  ; 0     ;
; Number of registers using Clock Enable       ; 0     ;
; Number of registers using Preset             ; 0     ;
+----------------------------------------------+-------+


+-------------------------------------------------------------------------------------------------------------------------------------------------------------------------+
; Port Connectivity Checks: "demuxDisplay:demux0"                                                                                                                         ;
+-------+-------+----------+----------------------------------------------------------------------------------------------------------------------------------------------+
; Port  ; Type  ; Severity ; Details                                                                                                                                      ;
+-------+-------+----------+----------------------------------------------------------------------------------------------------------------------------------------------+
; ready ; Input ; Warning  ; Declared by entity but not connected by instance. If a default value exists, it will be used.  Otherwise, the port will be connected to GND. ;
+-------+-------+----------+----------------------------------------------------------------------------------------------------------------------------------------------+


+-------------------------------------------------------------------------------------------------------------------------------------------------------------------------+
; Port Connectivity Checks: "demuxDisplay:demux1"                                                                                                                         ;
+-------+-------+----------+----------------------------------------------------------------------------------------------------------------------------------------------+
; Port  ; Type  ; Severity ; Details                                                                                                                                      ;
+-------+-------+----------+----------------------------------------------------------------------------------------------------------------------------------------------+
; ready ; Input ; Warning  ; Declared by entity but not connected by instance. If a default value exists, it will be used.  Otherwise, the port will be connected to GND. ;
+-------+-------+----------+----------------------------------------------------------------------------------------------------------------------------------------------+


+-------------------------------------------------------------------------------------------------------------------------------------------------------------------------+
; Port Connectivity Checks: "demuxDisplay:demux2"                                                                                                                         ;
+-------+-------+----------+----------------------------------------------------------------------------------------------------------------------------------------------+
; Port  ; Type  ; Severity ; Details                                                                                                                                      ;
+-------+-------+----------+----------------------------------------------------------------------------------------------------------------------------------------------+
; ready ; Input ; Warning  ; Declared by entity but not connected by instance. If a default value exists, it will be used.  Otherwise, the port will be connected to GND. ;
+-------+-------+----------+----------------------------------------------------------------------------------------------------------------------------------------------+


+-------------------------------------------------------------------------------------------------------------------------------------------------------------------------+
; Port Connectivity Checks: "demuxDisplay:demux3"                                                                                                                         ;
+-------+-------+----------+----------------------------------------------------------------------------------------------------------------------------------------------+
; Port  ; Type  ; Severity ; Details                                                                                                                                      ;
+-------+-------+----------+----------------------------------------------------------------------------------------------------------------------------------------------+
; ready ; Input ; Warning  ; Declared by entity but not connected by instance. If a default value exists, it will be used.  Otherwise, the port will be connected to GND. ;
+-------+-------+----------+----------------------------------------------------------------------------------------------------------------------------------------------+


+-------------------------------------------------------------------------------------------------------------------------------------------------------------------------+
; Port Connectivity Checks: "demuxDisplay:demux4"                                                                                                                         ;
+-------+-------+----------+----------------------------------------------------------------------------------------------------------------------------------------------+
; Port  ; Type  ; Severity ; Details                                                                                                                                      ;
+-------+-------+----------+----------------------------------------------------------------------------------------------------------------------------------------------+
; ready ; Input ; Warning  ; Declared by entity but not connected by instance. If a default value exists, it will be used.  Otherwise, the port will be connected to GND. ;
+-------+-------+----------+----------------------------------------------------------------------------------------------------------------------------------------------+


+-----------------------------------------------------------------------------------------------------------------------------------------------------------------------------------------------------+
; Port Connectivity Checks: "codifMorse:codificador"                                                                                                                                                  ;
+---------+--------+----------+-----------------------------------------------------------------------------------------------------------------------------------------------------------------------+
; Port    ; Type   ; Severity ; Details                                                                                                                                                               ;
+---------+--------+----------+-----------------------------------------------------------------------------------------------------------------------------------------------------------------------+
; display ; Output ; Warning  ; Output or bidir port (5 bits) is smaller than the port expression (6 bits) it drives.  The 1 most-significant bit(s) in the port expression will be connected to GND. ;
+---------+--------+----------+-----------------------------------------------------------------------------------------------------------------------------------------------------------------------+


+-----------------------------------------------------+
; Post-Synthesis Netlist Statistics for Top Partition ;
+-----------------------+-----------------------------+
; Type                  ; Count                       ;
+-----------------------+-----------------------------+
; boundary_port         ; 74                          ;
; cycloneiii_lcell_comb ; 60                          ;
;     normal            ; 60                          ;
;         0 data inputs ; 1                           ;
;         1 data inputs ; 10                          ;
;         2 data inputs ; 12                          ;
;         3 data inputs ; 2                           ;
;         4 data inputs ; 35                          ;
;                       ;                             ;
; Max LUT depth         ; 4.00                        ;
; Average LUT depth     ; 2.77                        ;
+-----------------------+-----------------------------+


+-------------------------------+
; Elapsed Time Per Partition    ;
+----------------+--------------+
; Partition Name ; Elapsed Time ;
+----------------+--------------+
; Top            ; 00:00:02     ;
+----------------+--------------+


+-------------------------------+
; Analysis & Synthesis Messages ;
+-------------------------------+
Info: *******************************************************************
Info: Running Quartus Prime Analysis & Synthesis
    Info: Version 18.1.0 Build 625 09/12/2018 SJ Lite Edition
    Info: Processing started: Mon Oct 15 21:19:38 2018
Info: Command: quartus_map --read_settings_files=on --write_settings_files=off MORSEus__DE2115 -c MORSEus__DE2115
Warning (18236): Number of processors has not been specified which may cause overloading on shared machines.  Set the global assignment NUM_PARALLEL_PROCESSORS in your QSF to an appropriate value for best performance.
Info (20030): Parallel compilation is enabled and will use 4 of the 4 processors detected
Info (12021): Found 4 design units, including 4 entities, in source file codifmorse.v
    Info (12023): Found entity 1: codifMorse File: C:/Users/mateu/Desktop/ISL-TP01-Conversao-para-Codigo-Morse/codifMorse.v Line: 1
    Info (12023): Found entity 2: demuxDisplay File: C:/Users/mateu/Desktop/ISL-TP01-Conversao-para-Codigo-Morse/codifMorse.v Line: 73
    Info (12023): Found entity 3: sevSeg File: C:/Users/mateu/Desktop/ISL-TP01-Conversao-para-Codigo-Morse/codifMorse.v Line: 89
    Info (12023): Found entity 4: desligaSeg File: C:/Users/mateu/Desktop/ISL-TP01-Conversao-para-Codigo-Morse/codifMorse.v Line: 106
Warning (12125): Using design file morseus__de2115.v, which is not specified as a design file for the current project, but contains definitions for 1 design units and 1 entities in project
    Info (12023): Found entity 1: MORSEus__DE2115 File: C:/Users/mateu/Desktop/ISL-TP01-Conversao-para-Codigo-Morse/morseus__de2115.v Line: 6
Info (12127): Elaborating entity "MORSEus__DE2115" for the top level hierarchy
Info (12128): Elaborating entity "codifMorse" for hierarchy "codifMorse:codificador" File: C:/Users/mateu/Desktop/ISL-TP01-Conversao-para-Codigo-Morse/morseus__de2115.v Line: 41
Warning (10235): Verilog HDL Always Construct warning at codifMorse.v(22): variable "num" is read inside the Always Construct but isn't in the Always Construct's Event Control File: C:/Users/mateu/Desktop/ISL-TP01-Conversao-para-Codigo-Morse/codifMorse.v Line: 22
Warning (10235): Verilog HDL Always Construct warning at codifMorse.v(23): variable "num" is read inside the Always Construct but isn't in the Always Construct's Event Control File: C:/Users/mateu/Desktop/ISL-TP01-Conversao-para-Codigo-Morse/codifMorse.v Line: 23
Warning (10235): Verilog HDL Always Construct warning at codifMorse.v(24): variable "num" is read inside the Always Construct but isn't in the Always Construct's Event Control File: C:/Users/mateu/Desktop/ISL-TP01-Conversao-para-Codigo-Morse/codifMorse.v Line: 24
Warning (10235): Verilog HDL Always Construct warning at codifMorse.v(26): variable "num" is read inside the Always Construct but isn't in the Always Construct's Event Control File: C:/Users/mateu/Desktop/ISL-TP01-Conversao-para-Codigo-Morse/codifMorse.v Line: 26
Warning (10235): Verilog HDL Always Construct warning at codifMorse.v(27): variable "num" is read inside the Always Construct but isn't in the Always Construct's Event Control File: C:/Users/mateu/Desktop/ISL-TP01-Conversao-para-Codigo-Morse/codifMorse.v Line: 27
Warning (10235): Verilog HDL Always Construct warning at codifMorse.v(28): variable "num" is read inside the Always Construct but isn't in the Always Construct's Event Control File: C:/Users/mateu/Desktop/ISL-TP01-Conversao-para-Codigo-Morse/codifMorse.v Line: 28
Warning (10235): Verilog HDL Always Construct warning at codifMorse.v(30): variable "num" is read inside the Always Construct but isn't in the Always Construct's Event Control File: C:/Users/mateu/Desktop/ISL-TP01-Conversao-para-Codigo-Morse/codifMorse.v Line: 30
Warning (10235): Verilog HDL Always Construct warning at codifMorse.v(31): variable "num" is read inside the Always Construct but isn't in the Always Construct's Event Control File: C:/Users/mateu/Desktop/ISL-TP01-Conversao-para-Codigo-Morse/codifMorse.v Line: 31
Warning (10235): Verilog HDL Always Construct warning at codifMorse.v(33): variable "num" is read inside the Always Construct but isn't in the Always Construct's Event Control File: C:/Users/mateu/Desktop/ISL-TP01-Conversao-para-Codigo-Morse/codifMorse.v Line: 33
Warning (10235): Verilog HDL Always Construct warning at codifMorse.v(35): variable "num" is read inside the Always Construct but isn't in the Always Construct's Event Control File: C:/Users/mateu/Desktop/ISL-TP01-Conversao-para-Codigo-Morse/codifMorse.v Line: 35
Warning (10235): Verilog HDL Always Construct warning at codifMorse.v(41): variable "num" is read inside the Always Construct but isn't in the Always Construct's Event Control File: C:/Users/mateu/Desktop/ISL-TP01-Conversao-para-Codigo-Morse/codifMorse.v Line: 41
Warning (10235): Verilog HDL Always Construct warning at codifMorse.v(43): variable "num" is read inside the Always Construct but isn't in the Always Construct's Event Control File: C:/Users/mateu/Desktop/ISL-TP01-Conversao-para-Codigo-Morse/codifMorse.v Line: 43
Warning (10235): Verilog HDL Always Construct warning at codifMorse.v(45): variable "num" is read inside the Always Construct but isn't in the Always Construct's Event Control File: C:/Users/mateu/Desktop/ISL-TP01-Conversao-para-Codigo-Morse/codifMorse.v Line: 45
Warning (10235): Verilog HDL Always Construct warning at codifMorse.v(46): variable "num" is read inside the Always Construct but isn't in the Always Construct's Event Control File: C:/Users/mateu/Desktop/ISL-TP01-Conversao-para-Codigo-Morse/codifMorse.v Line: 46
Warning (10235): Verilog HDL Always Construct warning at codifMorse.v(48): variable "num" is read inside the Always Construct but isn't in the Always Construct's Event Control File: C:/Users/mateu/Desktop/ISL-TP01-Conversao-para-Codigo-Morse/codifMorse.v Line: 48
Warning (10240): Verilog HDL Always Construct warning at codifMorse.v(17): inferring latch(es) for variable "morse", which holds its previous value in one or more paths through the always construct File: C:/Users/mateu/Desktop/ISL-TP01-Conversao-para-Codigo-Morse/codifMorse.v Line: 17
Warning (10240): Verilog HDL Always Construct warning at codifMorse.v(17): inferring latch(es) for variable "display", which holds its previous value in one or more paths through the always construct File: C:/Users/mateu/Desktop/ISL-TP01-Conversao-para-Codigo-Morse/codifMorse.v Line: 17
Info (10041): Inferred latch for "display[0]" at codifMorse.v(17) File: C:/Users/mateu/Desktop/ISL-TP01-Conversao-para-Codigo-Morse/codifMorse.v Line: 17
Info (10041): Inferred latch for "display[1]" at codifMorse.v(17) File: C:/Users/mateu/Desktop/ISL-TP01-Conversao-para-Codigo-Morse/codifMorse.v Line: 17
Info (10041): Inferred latch for "display[2]" at codifMorse.v(17) File: C:/Users/mateu/Desktop/ISL-TP01-Conversao-para-Codigo-Morse/codifMorse.v Line: 17
Info (10041): Inferred latch for "display[3]" at codifMorse.v(17) File: C:/Users/mateu/Desktop/ISL-TP01-Conversao-para-Codigo-Morse/codifMorse.v Line: 17
Info (10041): Inferred latch for "display[4]" at codifMorse.v(17) File: C:/Users/mateu/Desktop/ISL-TP01-Conversao-para-Codigo-Morse/codifMorse.v Line: 17
Info (10041): Inferred latch for "morse[0]" at codifMorse.v(17) File: C:/Users/mateu/Desktop/ISL-TP01-Conversao-para-Codigo-Morse/codifMorse.v Line: 17
Info (10041): Inferred latch for "morse[1]" at codifMorse.v(17) File: C:/Users/mateu/Desktop/ISL-TP01-Conversao-para-Codigo-Morse/codifMorse.v Line: 17
Info (10041): Inferred latch for "morse[2]" at codifMorse.v(17) File: C:/Users/mateu/Desktop/ISL-TP01-Conversao-para-Codigo-Morse/codifMorse.v Line: 17
Info (10041): Inferred latch for "morse[3]" at codifMorse.v(17) File: C:/Users/mateu/Desktop/ISL-TP01-Conversao-para-Codigo-Morse/codifMorse.v Line: 17
Info (10041): Inferred latch for "morse[4]" at codifMorse.v(17) File: C:/Users/mateu/Desktop/ISL-TP01-Conversao-para-Codigo-Morse/codifMorse.v Line: 17
Info (12128): Elaborating entity "demuxDisplay" for hierarchy "demuxDisplay:demux4" File: C:/Users/mateu/Desktop/ISL-TP01-Conversao-para-Codigo-Morse/morseus__de2115.v Line: 43
Info (12128): Elaborating entity "sevSeg" for hierarchy "sevSeg:demuxfpga4" File: C:/Users/mateu/Desktop/ISL-TP01-Conversao-para-Codigo-Morse/morseus__de2115.v Line: 49
Info (12128): Elaborating entity "desligaSeg" for hierarchy "desligaSeg:desligaDisFPGA1" File: C:/Users/mateu/Desktop/ISL-TP01-Conversao-para-Codigo-Morse/morseus__de2115.v Line: 55
Warning (12241): 6 hierarchies have connectivity warnings - see the Connectivity Checks report folder
Warning (13024): Output pins are stuck at VCC or GND
    Warning (13410): Pin "HEX0[0]" is stuck at VCC File: C:/Users/mateu/Desktop/ISL-TP01-Conversao-para-Codigo-Morse/morseus__de2115.v Line: 12
    Warning (13410): Pin "HEX0[1]" is stuck at VCC File: C:/Users/mateu/Desktop/ISL-TP01-Conversao-para-Codigo-Morse/morseus__de2115.v Line: 12
    Warning (13410): Pin "HEX0[2]" is stuck at VCC File: C:/Users/mateu/Desktop/ISL-TP01-Conversao-para-Codigo-Morse/morseus__de2115.v Line: 12
    Warning (13410): Pin "HEX0[4]" is stuck at VCC File: C:/Users/mateu/Desktop/ISL-TP01-Conversao-para-Codigo-Morse/morseus__de2115.v Line: 12
    Warning (13410): Pin "HEX0[5]" is stuck at VCC File: C:/Users/mateu/Desktop/ISL-TP01-Conversao-para-Codigo-Morse/morseus__de2115.v Line: 12
    Warning (13410): Pin "HEX1[0]" is stuck at VCC File: C:/Users/mateu/Desktop/ISL-TP01-Conversao-para-Codigo-Morse/morseus__de2115.v Line: 13
    Warning (13410): Pin "HEX1[1]" is stuck at VCC File: C:/Users/mateu/Desktop/ISL-TP01-Conversao-para-Codigo-Morse/morseus__de2115.v Line: 13
    Warning (13410): Pin "HEX1[2]" is stuck at VCC File: C:/Users/mateu/Desktop/ISL-TP01-Conversao-para-Codigo-Morse/morseus__de2115.v Line: 13
    Warning (13410): Pin "HEX1[4]" is stuck at VCC File: C:/Users/mateu/Desktop/ISL-TP01-Conversao-para-Codigo-Morse/morseus__de2115.v Line: 13
    Warning (13410): Pin "HEX1[5]" is stuck at VCC File: C:/Users/mateu/Desktop/ISL-TP01-Conversao-para-Codigo-Morse/morseus__de2115.v Line: 13
    Warning (13410): Pin "HEX2[0]" is stuck at VCC File: C:/Users/mateu/Desktop/ISL-TP01-Conversao-para-Codigo-Morse/morseus__de2115.v Line: 14
    Warning (13410): Pin "HEX2[1]" is stuck at VCC File: C:/Users/mateu/Desktop/ISL-TP01-Conversao-para-Codigo-Morse/morseus__de2115.v Line: 14
    Warning (13410): Pin "HEX2[2]" is stuck at VCC File: C:/Users/mateu/Desktop/ISL-TP01-Conversao-para-Codigo-Morse/morseus__de2115.v Line: 14
    Warning (13410): Pin "HEX2[4]" is stuck at VCC File: C:/Users/mateu/Desktop/ISL-TP01-Conversao-para-Codigo-Morse/morseus__de2115.v Line: 14
    Warning (13410): Pin "HEX2[5]" is stuck at VCC File: C:/Users/mateu/Desktop/ISL-TP01-Conversao-para-Codigo-Morse/morseus__de2115.v Line: 14
    Warning (13410): Pin "HEX3[0]" is stuck at VCC File: C:/Users/mateu/Desktop/ISL-TP01-Conversao-para-Codigo-Morse/morseus__de2115.v Line: 15
    Warning (13410): Pin "HEX3[1]" is stuck at VCC File: C:/Users/mateu/Desktop/ISL-TP01-Conversao-para-Codigo-Morse/morseus__de2115.v Line: 15
    Warning (13410): Pin "HEX3[2]" is stuck at VCC File: C:/Users/mateu/Desktop/ISL-TP01-Conversao-para-Codigo-Morse/morseus__de2115.v Line: 15
    Warning (13410): Pin "HEX3[4]" is stuck at VCC File: C:/Users/mateu/Desktop/ISL-TP01-Conversao-para-Codigo-Morse/morseus__de2115.v Line: 15
    Warning (13410): Pin "HEX3[5]" is stuck at VCC File: C:/Users/mateu/Desktop/ISL-TP01-Conversao-para-Codigo-Morse/morseus__de2115.v Line: 15
    Warning (13410): Pin "HEX4[0]" is stuck at VCC File: C:/Users/mateu/Desktop/ISL-TP01-Conversao-para-Codigo-Morse/morseus__de2115.v Line: 16
    Warning (13410): Pin "HEX4[1]" is stuck at VCC File: C:/Users/mateu/Desktop/ISL-TP01-Conversao-para-Codigo-Morse/morseus__de2115.v Line: 16
    Warning (13410): Pin "HEX4[2]" is stuck at VCC File: C:/Users/mateu/Desktop/ISL-TP01-Conversao-para-Codigo-Morse/morseus__de2115.v Line: 16
    Warning (13410): Pin "HEX4[4]" is stuck at VCC File: C:/Users/mateu/Desktop/ISL-TP01-Conversao-para-Codigo-Morse/morseus__de2115.v Line: 16
    Warning (13410): Pin "HEX4[5]" is stuck at VCC File: C:/Users/mateu/Desktop/ISL-TP01-Conversao-para-Codigo-Morse/morseus__de2115.v Line: 16
    Warning (13410): Pin "HEX5[0]" is stuck at VCC File: C:/Users/mateu/Desktop/ISL-TP01-Conversao-para-Codigo-Morse/morseus__de2115.v Line: 17
    Warning (13410): Pin "HEX5[1]" is stuck at VCC File: C:/Users/mateu/Desktop/ISL-TP01-Conversao-para-Codigo-Morse/morseus__de2115.v Line: 17
    Warning (13410): Pin "HEX5[2]" is stuck at VCC File: C:/Users/mateu/Desktop/ISL-TP01-Conversao-para-Codigo-Morse/morseus__de2115.v Line: 17
    Warning (13410): Pin "HEX5[3]" is stuck at VCC File: C:/Users/mateu/Desktop/ISL-TP01-Conversao-para-Codigo-Morse/morseus__de2115.v Line: 17
    Warning (13410): Pin "HEX5[4]" is stuck at VCC File: C:/Users/mateu/Desktop/ISL-TP01-Conversao-para-Codigo-Morse/morseus__de2115.v Line: 17
    Warning (13410): Pin "HEX5[5]" is stuck at VCC File: C:/Users/mateu/Desktop/ISL-TP01-Conversao-para-Codigo-Morse/morseus__de2115.v Line: 17
    Warning (13410): Pin "HEX5[6]" is stuck at VCC File: C:/Users/mateu/Desktop/ISL-TP01-Conversao-para-Codigo-Morse/morseus__de2115.v Line: 17
    Warning (13410): Pin "HEX6[0]" is stuck at VCC File: C:/Users/mateu/Desktop/ISL-TP01-Conversao-para-Codigo-Morse/morseus__de2115.v Line: 18
    Warning (13410): Pin "HEX6[1]" is stuck at VCC File: C:/Users/mateu/Desktop/ISL-TP01-Conversao-para-Codigo-Morse/morseus__de2115.v Line: 18
    Warning (13410): Pin "HEX6[2]" is stuck at VCC File: C:/Users/mateu/Desktop/ISL-TP01-Conversao-para-Codigo-Morse/morseus__de2115.v Line: 18
    Warning (13410): Pin "HEX6[3]" is stuck at VCC File: C:/Users/mateu/Desktop/ISL-TP01-Conversao-para-Codigo-Morse/morseus__de2115.v Line: 18
    Warning (13410): Pin "HEX6[4]" is stuck at VCC File: C:/Users/mateu/Desktop/ISL-TP01-Conversao-para-Codigo-Morse/morseus__de2115.v Line: 18
    Warning (13410): Pin "HEX6[5]" is stuck at VCC File: C:/Users/mateu/Desktop/ISL-TP01-Conversao-para-Codigo-Morse/morseus__de2115.v Line: 18
    Warning (13410): Pin "HEX6[6]" is stuck at VCC File: C:/Users/mateu/Desktop/ISL-TP01-Conversao-para-Codigo-Morse/morseus__de2115.v Line: 18
    Warning (13410): Pin "HEX7[0]" is stuck at VCC File: C:/Users/mateu/Desktop/ISL-TP01-Conversao-para-Codigo-Morse/morseus__de2115.v Line: 20
    Warning (13410): Pin "HEX7[1]" is stuck at VCC File: C:/Users/mateu/Desktop/ISL-TP01-Conversao-para-Codigo-Morse/morseus__de2115.v Line: 20
    Warning (13410): Pin "HEX7[2]" is stuck at VCC File: C:/Users/mateu/Desktop/ISL-TP01-Conversao-para-Codigo-Morse/morseus__de2115.v Line: 20
    Warning (13410): Pin "HEX7[3]" is stuck at VCC File: C:/Users/mateu/Desktop/ISL-TP01-Conversao-para-Codigo-Morse/morseus__de2115.v Line: 20
    Warning (13410): Pin "HEX7[4]" is stuck at VCC File: C:/Users/mateu/Desktop/ISL-TP01-Conversao-para-Codigo-Morse/morseus__de2115.v Line: 20
    Warning (13410): Pin "HEX7[5]" is stuck at VCC File: C:/Users/mateu/Desktop/ISL-TP01-Conversao-para-Codigo-Morse/morseus__de2115.v Line: 20
    Warning (13410): Pin "HEX7[6]" is stuck at VCC File: C:/Users/mateu/Desktop/ISL-TP01-Conversao-para-Codigo-Morse/morseus__de2115.v Line: 20
Info (286030): Timing-Driven Synthesis is running
Info (16010): Generating hard_block partition "hard_block:auto_generated_inst"
    Info (16011): Adding 0 node(s), including 0 DDIO, 0 PLL, 0 transceiver and 0 LCELL
Warning (21074): Design contains 10 input pin(s) that do not drive logic
    Warning (15610): No output dependent on input pin "SW[2]" File: C:/Users/mateu/Desktop/ISL-TP01-Conversao-para-Codigo-Morse/morseus__de2115.v Line: 9
    Warning (15610): No output dependent on input pin "SW[3]" File: C:/Users/mateu/Desktop/ISL-TP01-Conversao-para-Codigo-Morse/morseus__de2115.v Line: 9
    Warning (15610): No output dependent on input pin "SW[4]" File: C:/Users/mateu/Desktop/ISL-TP01-Conversao-para-Codigo-Morse/morseus__de2115.v Line: 9
    Warning (15610): No output dependent on input pin "SW[5]" File: C:/Users/mateu/Desktop/ISL-TP01-Conversao-para-Codigo-Morse/morseus__de2115.v Line: 9
    Warning (15610): No output dependent on input pin "SW[6]" File: C:/Users/mateu/Desktop/ISL-TP01-Conversao-para-Codigo-Morse/morseus__de2115.v Line: 9
    Warning (15610): No output dependent on input pin "SW[7]" File: C:/Users/mateu/Desktop/ISL-TP01-Conversao-para-Codigo-Morse/morseus__de2115.v Line: 9
    Warning (15610): No output dependent on input pin "SW[8]" File: C:/Users/mateu/Desktop/ISL-TP01-Conversao-para-Codigo-Morse/morseus__de2115.v Line: 9
    Warning (15610): No output dependent on input pin "SW[9]" File: C:/Users/mateu/Desktop/ISL-TP01-Conversao-para-Codigo-Morse/morseus__de2115.v Line: 9
    Warning (15610): No output dependent on input pin "SW[10]" File: C:/Users/mateu/Desktop/ISL-TP01-Conversao-para-Codigo-Morse/morseus__de2115.v Line: 9
    Warning (15610): No output dependent on input pin "SW[11]" File: C:/Users/mateu/Desktop/ISL-TP01-Conversao-para-Codigo-Morse/morseus__de2115.v Line: 9
Info (21057): Implemented 123 device resources after synthesis - the final resource count might be different
    Info (21058): Implemented 18 input pins
    Info (21059): Implemented 56 output pins
    Info (21061): Implemented 49 logic cells
Info: Quartus Prime Analysis & Synthesis was successful. 0 errors, 78 warnings
    Info: Peak virtual memory: 4775 megabytes
    Info: Processing ended: Mon Oct 15 21:19:57 2018
    Info: Elapsed time: 00:00:19
    Info: Total CPU time (on all processors): 00:00:25


